<?xml version="1.0" encoding="UTF-8"?>
<testng-results skipped="0" failed="0" ignored="0" total="1" passed="1">
  <reporter-output>
  </reporter-output>
  <suite name="Default suite" duration-ms="15496" started-at="2020-12-01T13:19:52 IST" finished-at="2020-12-01T13:20:08 IST">
    <groups>
    </groups>
    <test name="Default test" duration-ms="15496" started-at="2020-12-01T13:19:52 IST" finished-at="2020-12-01T13:20:08 IST">
      <class name="Test.Login">
        <test-method status="PASS" signature="setup()[pri:0, instance:Test.Login@4d95d2a2]" name="setup" is-config="true" duration-ms="12333" started-at="2020-12-01T13:19:52 IST" finished-at="2020-12-01T13:20:05 IST">
          <reporter-output>
          </reporter-output>
        </test-method> <!-- setup -->
        <test-method status="PASS" signature="test_Home_Page_Appear_Correct()[pri:0, instance:Test.Login@4d95d2a2]" name="test_Home_Page_Appear_Correct" duration-ms="3124" started-at="2020-12-01T13:20:05 IST" finished-at="2020-12-01T13:20:08 IST">
          <reporter-output>
          </reporter-output>
        </test-method> <!-- test_Home_Page_Appear_Correct -->
      </class> <!-- Test.Login -->
    </test> <!-- Default test -->
  </suite> <!-- Default suite -->
</testng-results>
